<?xml version="1.0" encoding="UTF-8"?>
<Site BuildName="(empty)"
	BuildStamp="20230826-1801-Experimental"
	Name="vect"
	Generator="ctest-3.10.2"
	CompilerName="/usr/bin/g++"
	CompilerVersion="7.5.0"
	OSName="Linux"
	Hostname="vect"
	OSRelease="5.4.0-150-generic"
	OSVersion="#167~18.04.1-Ubuntu SMP Wed May 24 00:51:42 UTC 2023"
	OSPlatform="x86_64"
	Is64Bits="1"
	VendorString="GenuineIntel"
	VendorID="Intel Corporation"
	FamilyID="6"
	ModelID="60"
	ProcessorCacheSize="8192"
	NumberOfLogicalCPU="8"
	NumberOfPhysicalCPU="4"
	TotalVirtualMemory="2047"
	TotalPhysicalMemory="31800"
	LogicalProcessorsPerPhysical="2"
	ProcessorClockFrequency="3806.76"
	>
	<Testing>
		<StartDateTime>Aug 26 15:01 ADT</StartDateTime>
		<StartTestTime>1693072862</StartTestTime>
		<TestList/>
		<EndDateTime>Aug 26 15:01 ADT</EndDateTime>
		<EndTestTime>1693072862</EndTestTime>
		<ElapsedMinutes>0</ElapsedMinutes>
	</Testing>
</Site>
