Determining if the pthread_create exist failed with the following output:
Change Dir: /home/victor/heron_launcher/heron_ws/src/heron_mission/build/CMakeFiles/CMakeTmp

Run Build Command:"/usr/bin/make" "cmTC_12c24/fast"
/usr/bin/make -f CMakeFiles/cmTC_12c24.dir/build.make CMakeFiles/cmTC_12c24.dir/build
make[1]: Entering directory '/home/victor/heron_launcher/heron_ws/src/heron_mission/build/CMakeFiles/CMakeTmp'
Building C object CMakeFiles/cmTC_12c24.dir/CheckSymbolExists.c.o
/usr/bin/gcc    -o CMakeFiles/cmTC_12c24.dir/CheckSymbolExists.c.o   -c /home/victor/heron_launcher/heron_ws/src/heron_mission/build/CMakeFiles/CMakeTmp/CheckSymbolExists.c
Linking C executable cmTC_12c24
/usr/bin/cmake -E cmake_link_script CMakeFiles/cmTC_12c24.dir/link.txt --verbose=1
/usr/bin/gcc      -rdynamic CMakeFiles/cmTC_12c24.dir/CheckSymbolExists.c.o  -o cmTC_12c24 
CMakeFiles/cmTC_12c24.dir/CheckSymbolExists.c.o: In function `main':
CheckSymbolExists.c:(.text+0x1b): undefined reference to `pthread_create'
collect2: error: ld returned 1 exit status
CMakeFiles/cmTC_12c24.dir/build.make:97: recipe for target 'cmTC_12c24' failed
make[1]: *** [cmTC_12c24] Error 1
make[1]: Leaving directory '/home/victor/heron_launcher/heron_ws/src/heron_mission/build/CMakeFiles/CMakeTmp'
Makefile:126: recipe for target 'cmTC_12c24/fast' failed
make: *** [cmTC_12c24/fast] Error 2

File /home/victor/heron_launcher/heron_ws/src/heron_mission/build/CMakeFiles/CMakeTmp/CheckSymbolExists.c:
/* */
#include <pthread.h>

int main(int argc, char** argv)
{
  (void)argv;
#ifndef pthread_create
  return ((int*)(&pthread_create))[argc];
#else
  (void)argc;
  return 0;
#endif
}

Determining if the function pthread_create exists in the pthreads failed with the following output:
Change Dir: /home/victor/heron_launcher/heron_ws/src/heron_mission/build/CMakeFiles/CMakeTmp

Run Build Command:"/usr/bin/make" "cmTC_db130/fast"
/usr/bin/make -f CMakeFiles/cmTC_db130.dir/build.make CMakeFiles/cmTC_db130.dir/build
make[1]: Entering directory '/home/victor/heron_launcher/heron_ws/src/heron_mission/build/CMakeFiles/CMakeTmp'
Building C object CMakeFiles/cmTC_db130.dir/CheckFunctionExists.c.o
/usr/bin/gcc   -DCHECK_FUNCTION_EXISTS=pthread_create   -o CMakeFiles/cmTC_db130.dir/CheckFunctionExists.c.o   -c /usr/share/cmake-3.10/Modules/CheckFunctionExists.c
Linking C executable cmTC_db130
/usr/bin/cmake -E cmake_link_script CMakeFiles/cmTC_db130.dir/link.txt --verbose=1
/usr/bin/gcc  -DCHECK_FUNCTION_EXISTS=pthread_create    -rdynamic CMakeFiles/cmTC_db130.dir/CheckFunctionExists.c.o  -o cmTC_db130 -lpthreads 
/usr/bin/ld: cannot find -lpthreads
collect2: error: ld returned 1 exit status
CMakeFiles/cmTC_db130.dir/build.make:97: recipe for target 'cmTC_db130' failed
make[1]: *** [cmTC_db130] Error 1
make[1]: Leaving directory '/home/victor/heron_launcher/heron_ws/src/heron_mission/build/CMakeFiles/CMakeTmp'
Makefile:126: recipe for target 'cmTC_db130/fast' failed
make: *** [cmTC_db130/fast] Error 2


